[16:43:28] [ServerMain/INFO]: Environment: Environment[sessionHost=https://sessionserver.mojang.com, servicesHost=https://api.minecraftservices.com, name=PROD]
[16:43:34] [ServerMain/INFO]: Loaded 1370 recipes
[16:43:34] [ServerMain/INFO]: Loaded 1481 advancements
[16:43:34] [Server thread/INFO]: Starting minecraft server version 1.21.4
[16:43:34] [Server thread/INFO]: Loading properties
[16:43:34] [Server thread/INFO]: Default game type: SURVIVAL
[16:43:34] [Server thread/INFO]: Generating keypair
[16:43:34] [Server thread/INFO]: Starting Minecraft server on *:25565
[16:43:34] [Server thread/INFO]: Using epoll channel type
[16:43:34] [Server thread/WARN]: **** SERVER IS RUNNING IN OFFLINE/INSECURE MODE!
[16:43:34] [Server thread/WARN]: The server will make no attempt to authenticate usernames. Beware.
[16:43:34] [Server thread/WARN]: While this makes the game possible to play without internet access, it also opens up the ability for hackers to connect with any username they choose.
[16:43:34] [Server thread/WARN]: To change this, set "online-mode" to "true" in the server.properties file.
[16:43:34] [Server thread/INFO]: Preparing level "world"
[16:43:35] [Server thread/INFO]: Preparing start region for dimension minecraft:overworld
[16:43:47] [Worker-Main-1/INFO]: Preparing spawn area: 0%
[16:43:47] [Worker-Main-1/INFO]: Preparing spawn area: 0%
[16:43:47] [Worker-Main-1/INFO]: Preparing spawn area: 0%
[16:43:47] [Worker-Main-1/INFO]: Preparing spawn area: 0%
[16:43:47] [Worker-Main-1/INFO]: Preparing spawn area: 0%
[16:43:47] [Worker-Main-1/INFO]: Preparing spawn area: 0%
[16:43:47] [Worker-Main-1/INFO]: Preparing spawn area: 0%
[16:43:47] [Worker-Main-1/INFO]: Preparing spawn area: 0%
[16:43:47] [Worker-Main-1/INFO]: Preparing spawn area: 0%
[16:43:47] [Worker-Main-1/INFO]: Preparing spawn area: 0%
[16:43:47] [Worker-Main-1/INFO]: Preparing spawn area: 0%
[16:43:47] [Worker-Main-1/INFO]: Preparing spawn area: 0%
[16:43:47] [Worker-Main-1/INFO]: Preparing spawn area: 0%
[16:43:47] [Worker-Main-1/INFO]: Preparing spawn area: 0%
[16:43:47] [Worker-Main-1/INFO]: Preparing spawn area: 0%
[16:43:47] [Worker-Main-1/INFO]: Preparing spawn area: 0%
[16:43:47] [Worker-Main-1/INFO]: Preparing spawn area: 0%
[16:43:47] [Worker-Main-1/INFO]: Preparing spawn area: 0%
[16:43:47] [Worker-Main-1/INFO]: Preparing spawn area: 0%
[16:43:47] [Worker-Main-1/INFO]: Preparing spawn area: 0%
[16:43:47] [Worker-Main-1/INFO]: Preparing spawn area: 0%
[16:43:47] [Worker-Main-1/INFO]: Preparing spawn area: 0%
[16:43:47] [Worker-Main-1/INFO]: Preparing spawn area: 0%
[16:43:47] [Worker-Main-1/INFO]: Preparing spawn area: 0%
[16:43:47] [Worker-Main-1/INFO]: Preparing spawn area: 24%
[16:43:48] [Worker-Main-1/INFO]: Preparing spawn area: 81%
[16:43:48] [Server thread/INFO]: Time elapsed: 12645 ms
[16:43:48] [Server thread/INFO]: Done (13.457s)! For help, type "help"
[16:44:48] [Server thread/INFO]: Server empty for 60 seconds, pausing
[16:51:16] [Server thread/INFO]: ignacioamajanny[/127.55.253.218:35865] logged in with entity id 3 at (672.1934842910497, 3.0, 273.4479778246353)
[16:51:16] [Server thread/INFO]: ignacioamajanny joined the game
[17:01:06] [Server thread/INFO]: ignacioamajanny has made the advancement [Cover Me with Diamonds]
[17:07:03] [Server thread/INFO]: ignacioamajanny was pricked to death
[17:12:19] [Server thread/INFO]: Lamamadelmatidx[/127.223.25.77:37277] logged in with entity id 4218 at (-1017.1256607853749, 68.84375002384186, 81.85969285935855)
[17:12:19] [Server thread/INFO]: Lamamadelmatidx joined the game
[17:12:20] [Server thread/WARN]: UUID of added entity already exists: cii['Armadillo'/4411, l='ServerLevel[world]', x=-863.50, y=70.00, z=174.38]
[17:12:20] [Server thread/WARN]: UUID of added entity already exists: cia['Turtle'/4413, l='ServerLevel[world]', x=-1173.01, y=59.51, z=128.98]
[17:12:20] [Server thread/WARN]: UUID of added entity already exists: cia['Turtle'/4420, l='ServerLevel[world]', x=-982.65, y=54.25, z=-81.62]
[17:12:20] [Server thread/WARN]: UUID of added entity already exists: cia['Turtle'/4421, l='ServerLevel[world]', x=-980.07, y=60.25, z=-80.01]
[17:12:20] [Server thread/WARN]: UUID of added entity already exists: cia['Turtle'/4422, l='ServerLevel[world]', x=-1043.73, y=55.00, z=-81.43]
[17:12:21] [Server thread/WARN]: UUID of added entity already exists: chg['Cow'/4432, l='ServerLevel[world]', x=-840.52, y=76.00, z=-59.81]
[17:12:21] [Server thread/WARN]: UUID of added entity already exists: chg['Cow'/4433, l='ServerLevel[world]', x=-845.46, y=82.00, z=-42.18]
[17:16:02] [Server thread/INFO]: Lamamadelmatidx has made the advancement [Cover Me with Diamonds]
[17:17:49] [Server thread/INFO]: Lamamadelmatidx has made the advancement [Ice Bucket Challenge]
[17:19:37] [Server thread/INFO]: Villager coj['Villager'/6864, l='ServerLevel[world]', x=-280.13, y=63.00, z=139.24] died, message: 'Villager was slain by Zombie'
[17:21:02] [Server thread/INFO]: deiv1d_Xx[/127.69.73.170:42385] logged in with entity id 9692 at (120.88006855360616, 69.25220334025373, 947.0081669109832)
[17:21:02] [Server thread/INFO]: deiv1d_Xx joined the game
[17:23:03] [Server thread/WARN]: Mismatch in destroy block pos: ji{x=194, y=64, z=565} ji{x=193, y=62, z=563}
